 INFO::retrieval_read_ctl:read settings from file ***retrctl.nml***...
 INFO::retrieval_read_ctl:...reading done.
 INFO::use_prior_term: T
 INFO::use_state_term: T
 INFO::gradient_tolerance: .10000E+01
 INFO::prior_pert: .00000E+00
 INFO::runretrieval:will apply relative perturbation of prior with pert=  0.00
 INFO::runretrieval:calling initf...
 DEBUG::load_ivgeom:ndims= 2
 INFO::initf:retrieval configuration was read from ***retrconfig.nc***
 DEBUG::initf:ncrd_retrieval_config has finished, yields:npts=  10 npts_s1=   0 npts_s2=  10
 INFO::load_sitenml:successfully read site namelist file ***site.nml***
 INFO::setprior:prior control vector was read from ***retrprior.nc***
 DEBUG::setprior:ncrd_retrieval_prior terminated successfully
 INFO::runretrieval:...done.
 DEBUG::runretrieval:initf yields:n= 32 mf=130
 INFO::runretrieval:calling initx...
 INFO::runretrieval:...done.
 INFO::state_model_set:will be setting-up simple state-model of type "mx(i+1)=a(i+1)*x(i) + b(i+1)"
 INFO::state_model_set:reading model configuration from file ***retrmodel.nc***...
 INFO::state_model_set:...reading done.
 INFO::runretrieval:start optimise...
 INFO::optimise:load control vector boundary settings by calling initb...
 INFO::initb:bounds were read from file ***retrctlvecbounds.nml***
 INFO::initb:applying bounds: lai_coeff_lobound=    0.000 lai_coeff_hibound=    1.000
 INFO::initb:applying bounds: lai_lobound=    0.001 lai_hibound=   10.000
 INFO::initb:applying bounds: canht_lobound=    0.001 canht_hibound=    4.500
 INFO::initb:applying bounds: sm_lobound=    0.001 sm_hibound=    0.500
 INFO::optimise:...done.
 INFO::optimise:start optimiser...
RUNNING THE L-BFGS-B CODE

           * * *

Machine precision = 2.220D-16
 N =           32     M =            5

At X0         0 variables are exactly at the bounds
 INFO::getobs:initial loading of observations...
 INFO::getobs:no S1 observations ***obs_s1.nc*** available.
 INFO::getobs:reading S2 observations from ***obs_s2.nc***
 INFO::ncrd_obs_vector:dataset ---brf--- detected fill-value:-99999.00000000
 INFO::ncrd_obs_vector:dataset ---brf_unc--- detected fill-value:-99999.00000000
 INFO::ncrd_obs_vector:s2 detected data fill-values:      51
 INFO::ncrd_obs_vector:s2 detected unc. fill-values:      51
 INFO::getobs:...loading observations done.
 INFO::getobs:...initial loading done

At iterate    0    f=  1.18485D+03    |proj g|=  2.83333D+00

At iterate    1    f=  5.50698D+02    |proj g|=  3.33300D+00

At iterate    2    f=  5.25962D+02    |proj g|=  3.28908D+00

At iterate    3    f=  3.35697D+02    |proj g|=  2.89509D+00

At iterate    4    f=  2.53514D+02    |proj g|=  2.54552D+00
  Positive dir derivative in projection 
  Using the backtracking step 

At iterate    5    f=  2.50468D+02    |proj g|=  2.30153D+00

At iterate    6    f=  1.98834D+02    |proj g|=  2.04070D+00

At iterate    7    f=  1.79496D+02    |proj g|=  2.79299D+00

At iterate    8    f=  1.69494D+02    |proj g|=  2.58769D+00

At iterate    9    f=  1.64014D+02    |proj g|=  2.58433D+00

At iterate   10    f=  1.61583D+02    |proj g|=  2.68739D+00

At iterate   11    f=  1.59512D+02    |proj g|=  2.69227D+00

At iterate   12    f=  1.58503D+02    |proj g|=  2.25209D+00

At iterate   13    f=  1.58305D+02    |proj g|=  2.27248D+00

At iterate   14    f=  1.58068D+02    |proj g|=  2.34008D+00

At iterate   15    f=  1.57842D+02    |proj g|=  2.36668D+00

At iterate   16    f=  1.57561D+02    |proj g|=  2.54161D+00

At iterate   17    f=  1.57083D+02    |proj g|=  2.55873D+00

At iterate   18    f=  1.56147D+02    |proj g|=  2.68670D+00

At iterate   19    f=  1.55666D+02    |proj g|=  2.56754D+00

At iterate   20    f=  1.55221D+02    |proj g|=  2.24619D+00

At iterate   21    f=  1.55103D+02    |proj g|=  1.48018D+00

At iterate   22    f=  1.55075D+02    |proj g|=  1.87736D+00

At iterate   23    f=  1.55046D+02    |proj g|=  1.45690D+00

At iterate   24    f=  1.55028D+02    |proj g|=  1.44526D+00

At iterate   25    f=  1.55015D+02    |proj g|=  1.46102D+00

At iterate   26    f=  1.54969D+02    |proj g|=  1.72224D+00

At iterate   27    f=  1.54907D+02    |proj g|=  2.07189D+00

At iterate   28    f=  1.54829D+02    |proj g|=  2.25397D+00

At iterate   29    f=  1.54744D+02    |proj g|=  2.25183D+00

At iterate   30    f=  1.54559D+02    |proj g|=  1.90277D+00

At iterate   31    f=  1.54477D+02    |proj g|=  2.23531D+00

At iterate   32    f=  1.54341D+02    |proj g|=  1.88066D+00

At iterate   33    f=  1.54322D+02    |proj g|=  1.09437D+00

At iterate   34    f=  1.54307D+02    |proj g|=  1.03476D+00

At iterate   35    f=  1.54277D+02    |proj g|=  1.20393D+00

At iterate   36    f=  1.54265D+02    |proj g|=  1.86748D+00

At iterate   37    f=  1.54237D+02    |proj g|=  1.47301D+00

At iterate   38    f=  1.54208D+02    |proj g|=  1.46978D+00

At iterate   39    f=  1.54163D+02    |proj g|=  1.56679D+00

At iterate   40    f=  1.54118D+02    |proj g|=  1.86977D+00

At iterate   41    f=  1.54093D+02    |proj g|=  1.12039D+00

At iterate   42    f=  1.54081D+02    |proj g|=  5.94645D-01

           * * *

Tit   = total number of iterations
Tnf   = total number of function evaluations
Tnint = total number of segments explored during Cauchy searches
Skip  = number of BFGS updates skipped
Nact  = number of active bounds at final generalized Cauchy point
Projg = norm of the final projected gradient
F     = final function value

           * * *

   N    Tit     Tnf  Tnint  Skip  Nact     Projg        F
   32     42     48     61     0     0   5.946D-01   1.541D+02
  F =   154.08126429302445     

CONVERGENCE: NORM_OF_PROJECTED_GRADIENT_<=_PGTOL            

 Cauchy                time 1.000E-03 seconds.
 Subspace minimization time 0.000E+00 seconds.
 Line search           time 4.962E+02 seconds.

 Total User time 5.066E+02 seconds.

 INFO::optimise:...optimiser finished.
 INFO::runretrieval:...optimise DONE
 INFO::runretrieval::opti_succeed: T
 
        i                Prior           Posterior          Change [%]
 
        1         0.990000E-01        0.990000E-01             0.00000
        2         0.990000E-01        0.990000E-01             0.00000
        3         0.150000E+01        0.199690E+01            33.12660
        4         0.150000E+01        0.149710E+01            -0.19337
        5         0.300000E+00        0.312835E+00             4.27839
        6         0.150000E+01        0.413337E+01           175.55781
        7         0.150000E+01        0.148568E+01            -0.95437
        8         0.300000E+00        0.276994E+00            -7.66866
        9         0.150000E+01        0.569621E+01           279.74728
       10         0.150000E+01        0.148193E+01            -1.20473
       11         0.300000E+00        0.275515E+00            -8.16177
       12         0.150000E+01        0.664927E+01           343.28474
       13         0.150000E+01        0.148599E+01            -0.93375
       14         0.300000E+00        0.280997E+00            -6.33435
       15         0.150000E+01        0.677735E+01           351.82332
       16         0.150000E+01        0.146665E+01            -2.22302
       17         0.300000E+00        0.266532E+00           -11.15613
       18         0.150000E+01        0.672487E+01           348.32454
       19         0.150000E+01        0.145761E+01            -2.82608
       20         0.300000E+00        0.263279E+00           -12.24038
       21         0.150000E+01        0.559973E+01           273.31514
       22         0.150000E+01        0.148686E+01            -0.87603
       23         0.300000E+00        0.282152E+00            -5.94945
       24         0.150000E+01        0.438015E+01           192.01012
       25         0.150000E+01        0.149685E+01            -0.21029
       26         0.300000E+00        0.266187E+00           -11.27117
       27         0.150000E+01        0.438817E+01           192.54484
       28         0.150000E+01        0.146381E+01            -2.41294
       29         0.300000E+00        0.239679E+00           -20.10693
       30         0.150000E+01        0.236293E+01            57.52858
       31         0.150000E+01        0.148366E+01            -1.08940
       32         0.300000E+00        0.179299E+00           -40.23372
 INFO::writing final control vector to x.b
 INFO::writing prior uncertainty (physical units) to sx.b
 INFO::runretrieval:start uncertainty analysis on state...
 
 INFO::ua:SVD done with ierr =          0
 
 INFO::runretrieval:...uncertainty analysis on state DONE
 
       Extreme off diagonal correlations
            Min/Max                 value    i    j
                Min              -0.00403   23   22
                Max               0.46383   26   29
 
 INFO::finishdf:resulting file ***controlvector_prior.nc*** successfully written.
 INFO::finishdf:resulting file ***controlvector_post.nc*** successfully written.
